0 verbose cli /usr/bin/node-18 /usr/local/bin/npm
1 info using npm@10.8.3
2 info using node@v18.20.2
3 silly config load:file:/usr/local/lib/node_modules/npm/npmrc
4 silly config load:file:/opt/c9/dependencies/chokidar/aa762202752d3dcccc5fbad8799b1e99e4483db21a48f90d173a570be171873168a60a14744afd69157c1c165d60070b88cd8dc8f315f57235bf403b9b43d28e/.npmrc
5 silly config load:file:/home/ec2-user/.npmrc
6 silly config load:file:/etc/npmrc
7 verbose title npm ls
8 verbose argv "ls" "--json" "--depth" "2"
9 verbose logfile logs-max:10 dir:/home/ec2-user/.npm/_logs/2024-09-17T04_16_22_842Z-
10 verbose logfile /home/ec2-user/.npm/_logs/2024-09-17T04_16_22_842Z-debug-0.log
11 silly packumentCache heap:2197815296 maxSize:549453824 maxEntrySize:274726912
12 silly logfile done cleaning log files
13 verbose shrinkwrap failed to load node_modules/.package-lock.json out of date, updated: node_modules/anymatch
14 verbose cwd /opt/c9/dependencies/chokidar/aa762202752d3dcccc5fbad8799b1e99e4483db21a48f90d173a570be171873168a60a14744afd69157c1c165d60070b88cd8dc8f315f57235bf403b9b43d28e
15 verbose os Linux 6.1.109-118.189.amzn2023.x86_64
16 verbose node v18.20.2
17 verbose npm  v10.8.3
18 verbose exit 0
19 info ok
